0 info it worked if it ends with ok
1 verbose cli [ 'C:\\Program Files\\nodejs\\node.exe',
1 verbose cli   'C:\\Program Files\\nodejs\\node_modules\\npm\\bin\\npm-cli.js',
1 verbose cli   'install' ]
2 info using npm@3.10.10
3 info using node@v6.11.5
4 silly loadCurrentTree Starting
5 silly install loadCurrentTree
6 silly install readLocalPackageData
7 silly install normalizeTree
8 silly loadCurrentTree Finishing
9 silly loadIdealTree Starting
10 silly install loadIdealTree
11 silly cloneCurrentTree Starting
12 silly install cloneCurrentTreeToIdealTree
13 silly cloneCurrentTree Finishing
14 silly loadShrinkwrap Starting
15 silly install loadShrinkwrap
16 silly loadShrinkwrap Finishing
17 silly loadAllDepsIntoIdealTree Starting
18 silly install loadAllDepsIntoIdealTree
19 silly fetchNamedPackageData fsevents
20 silly mapToRegistry name fsevents
21 silly mapToRegistry using default registry
22 silly mapToRegistry registry https://registry.npmjs.org/
23 silly mapToRegistry data Result {
23 silly mapToRegistry   raw: 'fsevents',
23 silly mapToRegistry   scope: null,
23 silly mapToRegistry   escapedName: 'fsevents',
23 silly mapToRegistry   name: 'fsevents',
23 silly mapToRegistry   rawSpec: '',
23 silly mapToRegistry   spec: 'latest',
23 silly mapToRegistry   type: 'tag' }
24 silly mapToRegistry uri https://registry.npmjs.org/fsevents
25 verbose request uri https://registry.npmjs.org/fsevents
26 verbose request no auth needed
27 info attempt registry request try #1 at 6:47:13 PM
28 verbose request id 97cc6446c5ca71ec
29 verbose etag W/"59e7e5d7-ddaf"
30 verbose lastModified Wed, 18 Oct 2017 23:37:59 GMT
31 http request GET https://registry.npmjs.org/fsevents
32 http 304 https://registry.npmjs.org/fsevents
33 verbose headers { date: 'Wed, 25 Oct 2017 22:48:44 GMT',
33 verbose headers   via: '1.1 varnish',
33 verbose headers   'cache-control': 'max-age=300',
33 verbose headers   etag: 'W/"59e7e5d7-ddaf"',
33 verbose headers   age: '280',
33 verbose headers   connection: 'keep-alive',
33 verbose headers   'x-served-by': 'cache-pao17434-PAO',
33 verbose headers   'x-cache': 'HIT',
33 verbose headers   'x-cache-hits': '3',
33 verbose headers   'x-timer': 'S1508971725.835380,VS0,VE0',
33 verbose headers   vary: 'Accept-Encoding, Accept' }
34 silly get cb [ 304,
34 silly get   { date: 'Wed, 25 Oct 2017 22:48:44 GMT',
34 silly get     via: '1.1 varnish',
34 silly get     'cache-control': 'max-age=300',
34 silly get     etag: 'W/"59e7e5d7-ddaf"',
34 silly get     age: '280',
34 silly get     connection: 'keep-alive',
34 silly get     'x-served-by': 'cache-pao17434-PAO',
34 silly get     'x-cache': 'HIT',
34 silly get     'x-cache-hits': '3',
34 silly get     'x-timer': 'S1508971725.835380,VS0,VE0',
34 silly get     vary: 'Accept-Encoding, Accept' } ]
35 verbose etag https://registry.npmjs.org/fsevents from cache
36 verbose get saving fsevents to C:\Users\ashok\AppData\Roaming\npm-cache\registry.npmjs.org\fsevents\.cache.json
37 verbose correctMkdir C:\Users\ashok\AppData\Roaming\npm-cache correctMkdir not in flight; initializing
38 silly resolveWithNewModule fsevents@1.1.2 checking installable status
39 silly loadAllDepsIntoIdealTree Finishing
40 silly loadIdealTree Finishing
41 silly currentTree product-management@1.0.0
41 silly currentTree +-- @angular/common@2.0.0
41 silly currentTree +-- @angular/compiler@2.0.0
41 silly currentTree +-- @angular/core@2.0.0
41 silly currentTree +-- @angular/forms@2.0.0
41 silly currentTree +-- @angular/http@2.0.0
41 silly currentTree +-- @angular/platform-browser-dynamic@2.0.0
41 silly currentTree +-- @angular/platform-browser@2.0.0
41 silly currentTree +-- @angular/router@3.0.0
41 silly currentTree +-- abbrev@1.1.0
41 silly currentTree +-- accepts@1.3.3
41 silly currentTree +-- acorn-jsx@3.0.1
41 silly currentTree +-- acorn-object-spread@1.0.0
41 silly currentTree +-- acorn@3.3.0
41 silly currentTree +-- after@0.8.1
41 silly currentTree +-- agent-base@2.0.1
41 silly currentTree | `-- semver@5.0.3
41 silly currentTree +-- ajv@4.11.5
41 silly currentTree +-- ansi-align@1.1.0
41 silly currentTree +-- ansi-escapes@1.4.0
41 silly currentTree +-- ansi-regex@0.2.1
41 silly currentTree +-- ansi-styles@1.1.0
41 silly currentTree +-- any-promise@1.3.0
41 silly currentTree +-- anymatch@1.3.0
41 silly currentTree +-- archy@1.0.0
41 silly currentTree +-- arr-diff@2.0.0
41 silly currentTree +-- arr-flatten@1.0.1
41 silly currentTree +-- array-uniq@1.0.3
41 silly currentTree +-- array-unique@0.2.1
41 silly currentTree +-- arraybuffer.slice@0.0.6
41 silly currentTree +-- arrify@1.0.1
41 silly currentTree +-- asn1@0.2.3
41 silly currentTree +-- assert-plus@0.2.0
41 silly currentTree +-- async-each-series@0.1.1
41 silly currentTree +-- async-each@1.0.1
41 silly currentTree +-- async@1.5.2
41 silly currentTree +-- asynckit@0.4.0
41 silly currentTree +-- aws-sign2@0.6.0
41 silly currentTree +-- aws4@1.6.0
41 silly currentTree +-- backo2@1.0.2
41 silly currentTree +-- balanced-match@0.4.2
41 silly currentTree +-- base64-arraybuffer@0.1.5
41 silly currentTree +-- base64id@0.1.0
41 silly currentTree +-- batch@0.5.3
41 silly currentTree +-- bcrypt-pbkdf@1.0.1
41 silly currentTree +-- better-assert@1.0.2
41 silly currentTree +-- binary-extensions@1.8.0
41 silly currentTree +-- blob@0.0.4
41 silly currentTree +-- bluebird@2.9.6
41 silly currentTree +-- boom@2.10.1
41 silly currentTree +-- bootstrap@3.3.7
41 silly currentTree +-- boxen@0.6.0
41 silly currentTree | +-- ansi-regex@2.1.1
41 silly currentTree | +-- ansi-styles@2.2.1
41 silly currentTree | +-- camelcase@2.1.1
41 silly currentTree | +-- chalk@1.1.3
41 silly currentTree | +-- has-ansi@2.0.0
41 silly currentTree | +-- strip-ansi@3.0.1
41 silly currentTree | `-- supports-color@2.0.0
41 silly currentTree +-- brace-expansion@1.1.6
41 silly currentTree +-- braces@1.8.5
41 silly currentTree +-- browser-sync-client@2.4.5
41 silly currentTree +-- browser-sync-ui@0.6.3
41 silly currentTree +-- browser-sync@2.18.8
41 silly currentTree | `-- rx@4.1.0
41 silly currentTree +-- bs-recipes@1.3.4
41 silly currentTree +-- buble@0.12.5
41 silly currentTree | +-- ansi-regex@2.1.1
41 silly currentTree | +-- ansi-styles@2.2.1
41 silly currentTree | +-- chalk@1.1.3
41 silly currentTree | +-- has-ansi@2.0.0
41 silly currentTree | +-- strip-ansi@3.0.1
41 silly currentTree | `-- supports-color@2.0.0
41 silly currentTree +-- bubleify@0.5.1
41 silly currentTree +-- buffer-shims@1.0.0
41 silly currentTree +-- builtin-modules@1.1.1
41 silly currentTree +-- callsite@1.0.0
41 silly currentTree +-- camelcase@1.2.1
41 silly currentTree +-- capture-stack-trace@1.0.0
41 silly currentTree +-- caseless@0.12.0
41 silly currentTree +-- chalk@0.5.1
41 silly currentTree +-- chokidar@1.6.1
41 silly currentTree +-- cli-boxes@1.0.0
41 silly currentTree +-- cli-cursor@1.0.2
41 silly currentTree +-- cli-truncate@0.2.1
41 silly currentTree +-- cliui@3.2.0
41 silly currentTree | +-- ansi-regex@2.1.1
41 silly currentTree | `-- strip-ansi@3.0.1
41 silly currentTree +-- clone@1.0.2
41 silly currentTree +-- co@4.6.0
41 silly currentTree +-- code-point-at@1.1.0
41 silly currentTree +-- colors@1.1.2
41 silly currentTree +-- columnify@1.5.4
41 silly currentTree | +-- ansi-regex@2.1.1
41 silly currentTree | `-- strip-ansi@3.0.1
41 silly currentTree +-- combined-stream@1.0.5
41 silly currentTree +-- commander@2.6.0
41 silly currentTree +-- component-bind@1.0.0
41 silly currentTree +-- component-emitter@1.1.2
41 silly currentTree +-- component-inherit@0.0.3
41 silly currentTree +-- concat-map@0.0.1
41 silly currentTree +-- concat-stream@1.6.0
41 silly currentTree +-- concurrently@2.2.0
41 silly currentTree +-- configstore@2.1.0
41 silly currentTree | +-- minimist@0.0.8
41 silly currentTree | `-- mkdirp@0.5.1
41 silly currentTree +-- connect-history-api-fallback@1.3.0
41 silly currentTree +-- connect-logger@0.0.1
41 silly currentTree +-- connect@3.5.0
41 silly currentTree +-- cookie@0.3.1
41 silly currentTree +-- core-js@2.4.1
41 silly currentTree +-- core-util-is@1.0.2
41 silly currentTree +-- create-error-class@3.0.2
41 silly currentTree +-- cross-spawn@0.2.9
41 silly currentTree +-- cryptiles@2.0.5
41 silly currentTree +-- dashdash@1.14.1
41 silly currentTree | `-- assert-plus@1.0.0
41 silly currentTree +-- debug@2.2.0
41 silly currentTree +-- decamelize@1.2.0
41 silly currentTree +-- deep-extend@0.4.1
41 silly currentTree +-- defaults@1.0.3
41 silly currentTree +-- delayed-stream@1.0.0
41 silly currentTree +-- depd@1.1.0
41 silly currentTree +-- destroy@1.0.4
41 silly currentTree +-- detect-indent@4.0.0
41 silly currentTree +-- dev-ip@1.0.1
41 silly currentTree +-- diff@2.2.3
41 silly currentTree +-- dot-prop@3.0.0
41 silly currentTree +-- duplexer2@0.1.4
41 silly currentTree +-- easy-extender@2.3.2
41 silly currentTree | `-- lodash@3.10.1
41 silly currentTree +-- eazy-logger@3.0.2
41 silly currentTree +-- ecc-jsbn@0.1.1
41 silly currentTree +-- ee-first@1.1.1
41 silly currentTree +-- elegant-spinner@1.0.1
41 silly currentTree +-- emitter-steward@1.0.0
41 silly currentTree +-- encodeurl@1.0.1
41 silly currentTree +-- engine.io-client@1.8.0
41 silly currentTree | +-- component-emitter@1.2.1
41 silly currentTree | +-- debug@2.3.3
41 silly currentTree | `-- ms@0.7.2
41 silly currentTree +-- engine.io-parser@1.3.1
41 silly currentTree | +-- has-binary@0.1.6
41 silly currentTree | `-- isarray@0.0.1
41 silly currentTree +-- engine.io@1.8.0
41 silly currentTree | +-- debug@2.3.3
41 silly currentTree | `-- ms@0.7.2
41 silly currentTree +-- error-ex@1.3.1
41 silly currentTree +-- escape-html@1.0.3
41 silly currentTree +-- escape-string-regexp@1.0.5
41 silly currentTree +-- etag@1.8.0
41 silly currentTree +-- eventemitter3@1.2.0
41 silly currentTree +-- exit-hook@1.1.1
41 silly currentTree +-- expand-brackets@0.1.5
41 silly currentTree +-- expand-range@1.8.2
41 silly currentTree +-- express@2.5.11
41 silly currentTree | +-- connect@1.9.2
41 silly currentTree | `-- qs@0.4.2
41 silly currentTree +-- extend@3.0.0
41 silly currentTree +-- extglob@0.3.2
41 silly currentTree +-- extsprintf@1.0.2
41 silly currentTree +-- filename-regex@2.0.0
41 silly currentTree +-- fill-range@2.2.3
41 silly currentTree +-- filled-array@1.1.0
41 silly currentTree +-- finalhandler@0.5.0
41 silly currentTree +-- find-up@1.1.2
41 silly currentTree +-- findup-sync@0.3.0
41 silly currentTree | `-- glob@5.0.15
41 silly currentTree +-- for-in@1.0.2
41 silly currentTree +-- for-own@0.1.5
41 silly currentTree +-- forever-agent@0.6.1
41 silly currentTree +-- form-data@2.1.2
41 silly currentTree +-- formidable@1.0.17
41 silly currentTree +-- fresh@0.3.0
41 silly currentTree +-- fs-extra@1.0.0
41 silly currentTree +-- fs.realpath@1.0.0
41 silly currentTree +-- function-bind@1.1.0
41 silly currentTree +-- generate-function@2.0.0
41 silly currentTree +-- generate-object-property@1.2.0
41 silly currentTree +-- get-caller-file@1.0.2
41 silly currentTree +-- getpass@0.1.6
41 silly currentTree | `-- assert-plus@1.0.0
41 silly currentTree +-- glob-base@0.3.0
41 silly currentTree +-- glob-parent@2.0.0
41 silly currentTree +-- glob@7.1.1
41 silly currentTree +-- got@5.7.1
41 silly currentTree +-- graceful-fs@4.1.11
41 silly currentTree +-- graceful-readlink@1.0.1
41 silly currentTree +-- har-schema@1.0.5
41 silly currentTree +-- har-validator@4.2.1
41 silly currentTree +-- has-ansi@0.1.0
41 silly currentTree +-- has-binary@0.1.7
41 silly currentTree | `-- isarray@0.0.1
41 silly currentTree +-- has-cors@1.1.0
41 silly currentTree +-- has-unicode@2.0.1
41 silly currentTree +-- has@1.0.1
41 silly currentTree +-- hawk@3.1.3
41 silly currentTree +-- hoek@2.16.3
41 silly currentTree +-- hosted-git-info@2.3.1
41 silly currentTree +-- http-errors@1.5.1
41 silly currentTree +-- http-proxy-agent@1.0.0
41 silly currentTree +-- http-proxy@1.15.2
41 silly currentTree +-- http-signature@1.1.1
41 silly currentTree +-- https-proxy-agent@1.0.0
41 silly currentTree +-- immutable@3.8.1
41 silly currentTree +-- imurmurhash@0.1.4
41 silly currentTree +-- indexof@0.0.1
41 silly currentTree +-- inflight@1.0.6
41 silly currentTree +-- inherits@2.0.3
41 silly currentTree +-- ini@1.3.4
41 silly currentTree +-- invariant@2.2.2
41 silly currentTree +-- invert-kv@1.0.0
41 silly currentTree +-- is-absolute@0.2.6
41 silly currentTree +-- is-arrayish@0.2.1
41 silly currentTree +-- is-binary-path@1.0.1
41 silly currentTree +-- is-buffer@1.1.5
41 silly currentTree +-- is-builtin-module@1.0.0
41 silly currentTree +-- is-dotfile@1.0.2
41 silly currentTree +-- is-equal-shallow@0.1.3
41 silly currentTree +-- is-extendable@0.1.1
41 silly currentTree +-- is-extglob@1.0.0
41 silly currentTree +-- is-finite@1.0.2
41 silly currentTree +-- is-fullwidth-code-point@1.0.0
41 silly currentTree +-- is-glob@2.0.1
41 silly currentTree +-- is-my-json-valid@2.16.0
41 silly currentTree +-- is-npm@1.0.0
41 silly currentTree +-- is-number-like@1.0.7
41 silly currentTree +-- is-number@2.1.0
41 silly currentTree +-- is-obj@1.0.1
41 silly currentTree +-- is-plain-obj@1.1.0
41 silly currentTree +-- is-posix-bracket@0.1.1
41 silly currentTree +-- is-primitive@2.0.0
41 silly currentTree +-- is-property@1.0.2
41 silly currentTree +-- is-redirect@1.0.0
41 silly currentTree +-- is-relative@0.2.1
41 silly currentTree +-- is-retry-allowed@1.1.0
41 silly currentTree +-- is-stream@1.1.0
41 silly currentTree +-- is-typedarray@1.0.0
41 silly currentTree +-- is-unc-path@0.1.2
41 silly currentTree +-- is-utf8@0.2.1
41 silly currentTree +-- is-windows@0.2.0
41 silly currentTree +-- isarray@1.0.0
41 silly currentTree +-- isobject@2.1.0
41 silly currentTree +-- isstream@0.1.2
41 silly currentTree +-- jodid25519@1.0.2
41 silly currentTree +-- js-tokens@3.0.1
41 silly currentTree +-- jsbn@0.1.1
41 silly currentTree +-- json-schema@0.2.3
41 silly currentTree +-- json-stable-stringify@1.0.1
41 silly currentTree +-- json-stringify-safe@5.0.1
41 silly currentTree +-- json3@3.3.2
41 silly currentTree +-- jsonfile@2.4.0
41 silly currentTree +-- jsonify@0.0.0
41 silly currentTree +-- jsonpointer@4.0.1
41 silly currentTree +-- jsprim@1.4.0
41 silly currentTree | `-- assert-plus@1.0.0
41 silly currentTree +-- kind-of@3.1.0
41 silly currentTree +-- klaw@1.3.1
41 silly currentTree +-- latest-version@2.0.0
41 silly currentTree +-- lazy-req@1.1.0
41 silly currentTree +-- lcid@1.0.0
41 silly currentTree +-- limiter@1.1.0
41 silly currentTree +-- listify@1.0.0
41 silly currentTree +-- lite-server@2.3.0
41 silly currentTree +-- load-json-file@1.1.0
41 silly currentTree +-- localtunnel@1.8.2
41 silly currentTree | +-- ansi-regex@2.1.1
41 silly currentTree | +-- ansi-styles@2.2.1
41 silly currentTree | +-- caseless@0.11.0
41 silly currentTree | +-- chalk@1.1.3
41 silly currentTree | +-- commander@2.9.0
41 silly currentTree | +-- har-validator@2.0.6
41 silly currentTree | +-- has-ansi@2.0.0
41 silly currentTree | +-- qs@6.3.2
41 silly currentTree | +-- request@2.78.0
41 silly currentTree | +-- strip-ansi@3.0.1
41 silly currentTree | +-- supports-color@2.0.0
41 silly currentTree | +-- tunnel-agent@0.4.3
41 silly currentTree | `-- yargs@3.29.0
41 silly currentTree +-- lockfile@1.0.3
41 silly currentTree +-- lodash.isfinite@3.3.2
41 silly currentTree +-- lodash@4.17.4
41 silly currentTree +-- log-update@1.0.2
41 silly currentTree +-- loose-envify@1.3.1
41 silly currentTree +-- lowercase-keys@1.0.0
41 silly currentTree +-- lru-cache@2.7.3
41 silly currentTree +-- magic-string@0.14.0
41 silly currentTree +-- make-error-cause@1.2.2
41 silly currentTree +-- make-error@1.2.3
41 silly currentTree +-- micromatch@2.3.11
41 silly currentTree +-- mime-db@1.26.0
41 silly currentTree +-- mime-types@2.1.14
41 silly currentTree +-- mime@1.2.4
41 silly currentTree +-- minimatch@3.0.3
41 silly currentTree +-- minimist@1.2.0
41 silly currentTree +-- mkdirp@0.3.0
41 silly currentTree +-- moment@2.18.0
41 silly currentTree +-- ms@0.7.1
41 silly currentTree +-- negotiator@0.6.1
41 silly currentTree +-- node-status-codes@1.0.0
41 silly currentTree +-- node-uuid@1.4.8
41 silly currentTree +-- nopt@3.0.6
41 silly currentTree +-- normalize-package-data@2.3.6
41 silly currentTree +-- normalize-path@2.0.1
41 silly currentTree +-- number-is-nan@1.0.1
41 silly currentTree +-- oauth-sign@0.8.2
41 silly currentTree +-- object-assign@4.1.1
41 silly currentTree +-- object-component@0.0.3
41 silly currentTree +-- object-path@0.9.2
41 silly currentTree +-- object.omit@2.0.1
41 silly currentTree +-- object.pick@1.2.0
41 silly currentTree +-- on-finished@2.3.0
41 silly currentTree +-- once@1.4.0
41 silly currentTree +-- onetime@1.1.0
41 silly currentTree +-- openurl@1.1.0
41 silly currentTree +-- opn@4.0.2
41 silly currentTree +-- optimist@0.6.1
41 silly currentTree | `-- minimist@0.0.10
41 silly currentTree +-- options@0.0.6
41 silly currentTree +-- os-homedir@1.0.2
41 silly currentTree +-- os-locale@1.4.0
41 silly currentTree +-- os-tmpdir@1.0.2
41 silly currentTree +-- osenv@0.1.4
41 silly currentTree +-- package-json@2.4.0
41 silly currentTree +-- parse-glob@3.0.4
41 silly currentTree +-- parse-json@2.2.0
41 silly currentTree +-- parsejson@0.0.3
41 silly currentTree +-- parseqs@0.0.5
41 silly currentTree +-- parseuri@0.0.5
41 silly currentTree +-- parseurl@1.3.1
41 silly currentTree +-- path-exists@2.1.0
41 silly currentTree +-- path-is-absolute@1.0.1
41 silly currentTree +-- path-parse@1.0.5
41 silly currentTree +-- path-type@1.1.0
41 silly currentTree +-- performance-now@0.2.0
41 silly currentTree +-- pify@2.3.0
41 silly currentTree +-- pinkie-promise@2.0.1
41 silly currentTree +-- pinkie@2.0.4
41 silly currentTree +-- popsicle-proxy-agent@3.0.0
41 silly currentTree +-- popsicle-retry@3.2.1
41 silly currentTree +-- popsicle-rewrite@1.0.0
41 silly currentTree +-- popsicle-status@2.0.0
41 silly currentTree +-- popsicle@8.2.0
41 silly currentTree +-- portscanner@2.1.1
41 silly currentTree +-- prepend-http@1.0.4
41 silly currentTree +-- preserve@0.2.0
41 silly currentTree +-- process-nextick-args@1.0.7
41 silly currentTree +-- promise-finally@2.2.1
41 silly currentTree +-- punycode@1.4.1
41 silly currentTree +-- qs@6.2.1
41 silly currentTree +-- randomatic@1.1.6
41 silly currentTree +-- range-parser@1.2.0
41 silly currentTree +-- rc@1.1.7
41 silly currentTree +-- read-all-stream@3.1.0
41 silly currentTree +-- read-pkg-up@1.0.1
41 silly currentTree +-- read-pkg@1.1.0
41 silly currentTree +-- readable-stream@2.2.6
41 silly currentTree +-- readdirp@2.1.0
41 silly currentTree +-- reflect-metadata@0.1.10
41 silly currentTree +-- regex-cache@0.4.3
41 silly currentTree +-- registry-auth-token@3.1.0
41 silly currentTree +-- registry-url@3.1.0
41 silly currentTree +-- repeat-element@1.1.2
41 silly currentTree +-- repeat-string@1.6.1
41 silly currentTree +-- repeating@2.0.1
41 silly currentTree +-- request@2.81.0
41 silly currentTree | +-- qs@6.4.0
41 silly currentTree | `-- uuid@3.0.1
41 silly currentTree +-- require-directory@2.1.1
41 silly currentTree +-- require-main-filename@1.0.1
41 silly currentTree +-- requires-port@1.0.0
41 silly currentTree +-- resolve@1.3.2
41 silly currentTree +-- resp-modifier@6.0.2
41 silly currentTree +-- restore-cursor@1.0.1
41 silly currentTree +-- rimraf@2.6.1
41 silly currentTree +-- rx@2.3.24
41 silly currentTree +-- rxjs@5.0.0-beta.12
41 silly currentTree +-- safe-buffer@5.0.1
41 silly currentTree +-- semver-diff@2.1.0
41 silly currentTree +-- semver@5.3.0
41 silly currentTree +-- send@0.14.1
41 silly currentTree | +-- etag@1.7.0
41 silly currentTree | `-- mime@1.3.4
41 silly currentTree +-- serve-index@1.8.0
41 silly currentTree +-- serve-static@1.11.1
41 silly currentTree +-- server-destroy@1.0.1
41 silly currentTree +-- set-blocking@2.0.0
41 silly currentTree +-- set-immediate-shim@1.0.1
41 silly currentTree +-- setprototypeof@1.0.2
41 silly currentTree +-- slice-ansi@0.0.4
41 silly currentTree +-- slide@1.1.6
41 silly currentTree +-- sntp@1.0.9
41 silly currentTree +-- socket.io-adapter@0.5.0
41 silly currentTree | +-- debug@2.3.3
41 silly currentTree | `-- ms@0.7.2
41 silly currentTree +-- socket.io-client@1.6.0
41 silly currentTree | +-- component-emitter@1.2.1
41 silly currentTree | +-- debug@2.3.3
41 silly currentTree | `-- ms@0.7.2
41 silly currentTree +-- socket.io-parser@2.3.1
41 silly currentTree | `-- isarray@0.0.1
41 silly currentTree +-- socket.io@1.6.0
41 silly currentTree | +-- debug@2.3.3
41 silly currentTree | +-- ms@0.7.2
41 silly currentTree | `-- object-assign@4.1.0
41 silly currentTree +-- sort-keys@1.1.2
41 silly currentTree +-- spdx-correct@1.0.2
41 silly currentTree +-- spdx-expression-parse@1.0.4
41 silly currentTree +-- spdx-license-ids@1.2.2
41 silly currentTree +-- sprintf-js@1.0.3
41 silly currentTree +-- sshpk@1.11.0
41 silly currentTree | `-- assert-plus@1.0.0
41 silly currentTree +-- statuses@1.3.1
41 silly currentTree +-- stream-throttle@0.1.3
41 silly currentTree +-- string_decoder@0.10.31
41 silly currentTree +-- string-template@1.0.0
41 silly currentTree +-- string-width@1.0.2
41 silly currentTree | +-- ansi-regex@2.1.1
41 silly currentTree | `-- strip-ansi@3.0.1
41 silly currentTree +-- stringstream@0.0.5
41 silly currentTree +-- strip-ansi@0.3.0
41 silly currentTree +-- strip-bom@2.0.0
41 silly currentTree +-- strip-json-comments@2.0.1
41 silly currentTree +-- supports-color@0.2.0
41 silly currentTree +-- symbol-observable@1.0.4
41 silly currentTree +-- systemjs@0.19.27
41 silly currentTree +-- tfunk@3.1.0
41 silly currentTree | +-- ansi-regex@2.1.1
41 silly currentTree | +-- ansi-styles@2.2.1
41 silly currentTree | +-- chalk@1.1.3
41 silly currentTree | +-- has-ansi@2.0.0
41 silly currentTree | +-- strip-ansi@3.0.1
41 silly currentTree | `-- supports-color@2.0.0
41 silly currentTree +-- thenify@3.2.1
41 silly currentTree +-- throat@3.0.0
41 silly currentTree +-- throwback@1.1.1
41 silly currentTree +-- timed-out@3.1.3
41 silly currentTree +-- to-array@0.1.4
41 silly currentTree +-- touch@1.0.0
41 silly currentTree | `-- nopt@1.0.10
41 silly currentTree +-- tough-cookie@2.3.2
41 silly currentTree +-- tslint@3.15.1
41 silly currentTree +-- tunnel-agent@0.6.0
41 silly currentTree +-- tweetnacl@0.14.5
41 silly currentTree +-- typedarray@0.0.6
41 silly currentTree +-- typescript@2.2.1
41 silly currentTree +-- typings-core@1.6.1
41 silly currentTree | +-- minimist@0.0.8
41 silly currentTree | `-- mkdirp@0.5.1
41 silly currentTree +-- typings@1.5.0
41 silly currentTree | +-- ansi-regex@2.1.1
41 silly currentTree | +-- ansi-styles@2.2.1
41 silly currentTree | +-- bluebird@3.5.0
41 silly currentTree | +-- chalk@1.1.3
41 silly currentTree | +-- has-ansi@2.0.0
41 silly currentTree | +-- strip-ansi@3.0.1
41 silly currentTree | +-- supports-color@2.0.0
41 silly currentTree | `-- wordwrap@1.0.0
41 silly currentTree +-- ua-parser-js@0.7.12
41 silly currentTree +-- ultron@1.0.2
41 silly currentTree +-- unc-path-regex@0.1.2
41 silly currentTree +-- underscore.string@3.3.4
41 silly currentTree +-- underscore@1.7.0
41 silly currentTree +-- unpipe@1.0.0
41 silly currentTree +-- unzip-response@1.0.2
41 silly currentTree +-- update-notifier@1.0.3
41 silly currentTree | +-- ansi-regex@2.1.1
41 silly currentTree | +-- ansi-styles@2.2.1
41 silly currentTree | +-- chalk@1.1.3
41 silly currentTree | +-- has-ansi@2.0.0
41 silly currentTree | +-- strip-ansi@3.0.1
41 silly currentTree | `-- supports-color@2.0.0
41 silly currentTree +-- url-parse-lax@1.0.0
41 silly currentTree +-- util-deprecate@1.0.2
41 silly currentTree +-- utils-merge@1.0.0
41 silly currentTree +-- uuid@2.0.3
41 silly currentTree +-- validate-npm-package-license@3.0.1
41 silly currentTree +-- verror@1.3.6
41 silly currentTree +-- vlq@0.2.1
41 silly currentTree +-- wcwidth@1.0.1
41 silly currentTree +-- weinre@2.0.0-pre-I0Z7U9OV
41 silly currentTree +-- when@3.7.8
41 silly currentTree +-- which-module@1.0.0
41 silly currentTree +-- widest-line@1.0.0
41 silly currentTree +-- window-size@0.1.4
41 silly currentTree +-- wordwrap@0.0.3
41 silly currentTree +-- wrap-ansi@2.1.0
41 silly currentTree | +-- ansi-regex@2.1.1
41 silly currentTree | `-- strip-ansi@3.0.1
41 silly currentTree +-- wrappy@1.0.2
41 silly currentTree +-- write-file-atomic@1.3.1
41 silly currentTree +-- ws@1.1.1
41 silly currentTree +-- wtf-8@1.0.0
41 silly currentTree +-- xdg-basedir@2.0.0
41 silly currentTree +-- xmlhttprequest-ssl@1.5.3
41 silly currentTree +-- xtend@4.0.1
41 silly currentTree +-- y18n@3.2.1
41 silly currentTree +-- yargs-parser@4.2.1
41 silly currentTree | `-- camelcase@3.0.0
41 silly currentTree +-- yargs@6.4.0
41 silly currentTree | +-- camelcase@3.0.0
41 silly currentTree | `-- window-size@0.2.0
41 silly currentTree +-- yeast@0.1.2
41 silly currentTree +-- zip-object@0.1.0
41 silly currentTree `-- zone.js@0.6.26
42 silly idealTree product-management@1.0.0
42 silly idealTree +-- @angular/common@2.0.0
42 silly idealTree +-- @angular/compiler@2.0.0
42 silly idealTree +-- @angular/core@2.0.0
42 silly idealTree +-- @angular/forms@2.0.0
42 silly idealTree +-- @angular/http@2.0.0
42 silly idealTree +-- @angular/platform-browser-dynamic@2.0.0
42 silly idealTree +-- @angular/platform-browser@2.0.0
42 silly idealTree +-- @angular/router@3.0.0
42 silly idealTree +-- abbrev@1.1.0
42 silly idealTree +-- accepts@1.3.3
42 silly idealTree +-- acorn-jsx@3.0.1
42 silly idealTree +-- acorn-object-spread@1.0.0
42 silly idealTree +-- acorn@3.3.0
42 silly idealTree +-- after@0.8.1
42 silly idealTree +-- agent-base@2.0.1
42 silly idealTree | `-- semver@5.0.3
42 silly idealTree +-- ajv@4.11.5
42 silly idealTree +-- ansi-align@1.1.0
42 silly idealTree +-- ansi-escapes@1.4.0
42 silly idealTree +-- ansi-regex@0.2.1
42 silly idealTree +-- ansi-styles@1.1.0
42 silly idealTree +-- any-promise@1.3.0
42 silly idealTree +-- anymatch@1.3.0
42 silly idealTree +-- archy@1.0.0
42 silly idealTree +-- arr-diff@2.0.0
42 silly idealTree +-- arr-flatten@1.0.1
42 silly idealTree +-- array-uniq@1.0.3
42 silly idealTree +-- array-unique@0.2.1
42 silly idealTree +-- arraybuffer.slice@0.0.6
42 silly idealTree +-- arrify@1.0.1
42 silly idealTree +-- asn1@0.2.3
42 silly idealTree +-- assert-plus@0.2.0
42 silly idealTree +-- async-each-series@0.1.1
42 silly idealTree +-- async-each@1.0.1
42 silly idealTree +-- async@1.5.2
42 silly idealTree +-- asynckit@0.4.0
42 silly idealTree +-- aws-sign2@0.6.0
42 silly idealTree +-- aws4@1.6.0
42 silly idealTree +-- backo2@1.0.2
42 silly idealTree +-- balanced-match@0.4.2
42 silly idealTree +-- base64-arraybuffer@0.1.5
42 silly idealTree +-- base64id@0.1.0
42 silly idealTree +-- batch@0.5.3
42 silly idealTree +-- bcrypt-pbkdf@1.0.1
42 silly idealTree +-- better-assert@1.0.2
42 silly idealTree +-- binary-extensions@1.8.0
42 silly idealTree +-- blob@0.0.4
42 silly idealTree +-- bluebird@2.9.6
42 silly idealTree +-- boom@2.10.1
42 silly idealTree +-- bootstrap@3.3.7
42 silly idealTree +-- boxen@0.6.0
42 silly idealTree | +-- ansi-regex@2.1.1
42 silly idealTree | +-- ansi-styles@2.2.1
42 silly idealTree | +-- camelcase@2.1.1
42 silly idealTree | +-- chalk@1.1.3
42 silly idealTree | +-- has-ansi@2.0.0
42 silly idealTree | +-- strip-ansi@3.0.1
42 silly idealTree | `-- supports-color@2.0.0
42 silly idealTree +-- brace-expansion@1.1.6
42 silly idealTree +-- braces@1.8.5
42 silly idealTree +-- browser-sync-client@2.4.5
42 silly idealTree +-- browser-sync-ui@0.6.3
42 silly idealTree +-- browser-sync@2.18.8
42 silly idealTree | `-- rx@4.1.0
42 silly idealTree +-- bs-recipes@1.3.4
42 silly idealTree +-- buble@0.12.5
42 silly idealTree | +-- ansi-regex@2.1.1
42 silly idealTree | +-- ansi-styles@2.2.1
42 silly idealTree | +-- chalk@1.1.3
42 silly idealTree | +-- has-ansi@2.0.0
42 silly idealTree | +-- strip-ansi@3.0.1
42 silly idealTree | `-- supports-color@2.0.0
42 silly idealTree +-- bubleify@0.5.1
42 silly idealTree +-- buffer-shims@1.0.0
42 silly idealTree +-- builtin-modules@1.1.1
42 silly idealTree +-- callsite@1.0.0
42 silly idealTree +-- camelcase@1.2.1
42 silly idealTree +-- capture-stack-trace@1.0.0
42 silly idealTree +-- caseless@0.12.0
42 silly idealTree +-- chalk@0.5.1
42 silly idealTree +-- chokidar@1.6.1
42 silly idealTree +-- cli-boxes@1.0.0
42 silly idealTree +-- cli-cursor@1.0.2
42 silly idealTree +-- cli-truncate@0.2.1
42 silly idealTree +-- cliui@3.2.0
42 silly idealTree | +-- ansi-regex@2.1.1
42 silly idealTree | `-- strip-ansi@3.0.1
42 silly idealTree +-- clone@1.0.2
42 silly idealTree +-- co@4.6.0
42 silly idealTree +-- code-point-at@1.1.0
42 silly idealTree +-- colors@1.1.2
42 silly idealTree +-- columnify@1.5.4
42 silly idealTree | +-- ansi-regex@2.1.1
42 silly idealTree | `-- strip-ansi@3.0.1
42 silly idealTree +-- combined-stream@1.0.5
42 silly idealTree +-- commander@2.6.0
42 silly idealTree +-- component-bind@1.0.0
42 silly idealTree +-- component-emitter@1.1.2
42 silly idealTree +-- component-inherit@0.0.3
42 silly idealTree +-- concat-map@0.0.1
42 silly idealTree +-- concat-stream@1.6.0
42 silly idealTree +-- concurrently@2.2.0
42 silly idealTree +-- configstore@2.1.0
42 silly idealTree | +-- minimist@0.0.8
42 silly idealTree | `-- mkdirp@0.5.1
42 silly idealTree +-- connect-history-api-fallback@1.3.0
42 silly idealTree +-- connect-logger@0.0.1
42 silly idealTree +-- connect@3.5.0
42 silly idealTree +-- cookie@0.3.1
42 silly idealTree +-- core-js@2.4.1
42 silly idealTree +-- core-util-is@1.0.2
42 silly idealTree +-- create-error-class@3.0.2
42 silly idealTree +-- cross-spawn@0.2.9
42 silly idealTree +-- cryptiles@2.0.5
42 silly idealTree +-- dashdash@1.14.1
42 silly idealTree | `-- assert-plus@1.0.0
42 silly idealTree +-- debug@2.2.0
42 silly idealTree +-- decamelize@1.2.0
42 silly idealTree +-- deep-extend@0.4.1
42 silly idealTree +-- defaults@1.0.3
42 silly idealTree +-- delayed-stream@1.0.0
42 silly idealTree +-- depd@1.1.0
42 silly idealTree +-- destroy@1.0.4
42 silly idealTree +-- detect-indent@4.0.0
42 silly idealTree +-- dev-ip@1.0.1
42 silly idealTree +-- diff@2.2.3
42 silly idealTree +-- dot-prop@3.0.0
42 silly idealTree +-- duplexer2@0.1.4
42 silly idealTree +-- easy-extender@2.3.2
42 silly idealTree | `-- lodash@3.10.1
42 silly idealTree +-- eazy-logger@3.0.2
42 silly idealTree +-- ecc-jsbn@0.1.1
42 silly idealTree +-- ee-first@1.1.1
42 silly idealTree +-- elegant-spinner@1.0.1
42 silly idealTree +-- emitter-steward@1.0.0
42 silly idealTree +-- encodeurl@1.0.1
42 silly idealTree +-- engine.io-client@1.8.0
42 silly idealTree | +-- component-emitter@1.2.1
42 silly idealTree | +-- debug@2.3.3
42 silly idealTree | `-- ms@0.7.2
42 silly idealTree +-- engine.io-parser@1.3.1
42 silly idealTree | +-- has-binary@0.1.6
42 silly idealTree | `-- isarray@0.0.1
42 silly idealTree +-- engine.io@1.8.0
42 silly idealTree | +-- debug@2.3.3
42 silly idealTree | `-- ms@0.7.2
42 silly idealTree +-- error-ex@1.3.1
42 silly idealTree +-- escape-html@1.0.3
42 silly idealTree +-- escape-string-regexp@1.0.5
42 silly idealTree +-- etag@1.8.0
42 silly idealTree +-- eventemitter3@1.2.0
42 silly idealTree +-- exit-hook@1.1.1
42 silly idealTree +-- expand-brackets@0.1.5
42 silly idealTree +-- expand-range@1.8.2
42 silly idealTree +-- express@2.5.11
42 silly idealTree | +-- connect@1.9.2
42 silly idealTree | `-- qs@0.4.2
42 silly idealTree +-- extend@3.0.0
42 silly idealTree +-- extglob@0.3.2
42 silly idealTree +-- extsprintf@1.0.2
42 silly idealTree +-- filename-regex@2.0.0
42 silly idealTree +-- fill-range@2.2.3
42 silly idealTree +-- filled-array@1.1.0
42 silly idealTree +-- finalhandler@0.5.0
42 silly idealTree +-- find-up@1.1.2
42 silly idealTree +-- findup-sync@0.3.0
42 silly idealTree | `-- glob@5.0.15
42 silly idealTree +-- for-in@1.0.2
42 silly idealTree +-- for-own@0.1.5
42 silly idealTree +-- forever-agent@0.6.1
42 silly idealTree +-- form-data@2.1.2
42 silly idealTree +-- formidable@1.0.17
42 silly idealTree +-- fresh@0.3.0
42 silly idealTree +-- fs-extra@1.0.0
42 silly idealTree +-- fs.realpath@1.0.0
42 silly idealTree +-- function-bind@1.1.0
42 silly idealTree +-- generate-function@2.0.0
42 silly idealTree +-- generate-object-property@1.2.0
42 silly idealTree +-- get-caller-file@1.0.2
42 silly idealTree +-- getpass@0.1.6
42 silly idealTree | `-- assert-plus@1.0.0
42 silly idealTree +-- glob-base@0.3.0
42 silly idealTree +-- glob-parent@2.0.0
42 silly idealTree +-- glob@7.1.1
42 silly idealTree +-- got@5.7.1
42 silly idealTree +-- graceful-fs@4.1.11
42 silly idealTree +-- graceful-readlink@1.0.1
42 silly idealTree +-- har-schema@1.0.5
42 silly idealTree +-- har-validator@4.2.1
42 silly idealTree +-- has-ansi@0.1.0
42 silly idealTree +-- has-binary@0.1.7
42 silly idealTree | `-- isarray@0.0.1
42 silly idealTree +-- has-cors@1.1.0
42 silly idealTree +-- has-unicode@2.0.1
42 silly idealTree +-- has@1.0.1
42 silly idealTree +-- hawk@3.1.3
42 silly idealTree +-- hoek@2.16.3
42 silly idealTree +-- hosted-git-info@2.3.1
42 silly idealTree +-- http-errors@1.5.1
42 silly idealTree +-- http-proxy-agent@1.0.0
42 silly idealTree +-- http-proxy@1.15.2
42 silly idealTree +-- http-signature@1.1.1
42 silly idealTree +-- https-proxy-agent@1.0.0
42 silly idealTree +-- immutable@3.8.1
42 silly idealTree +-- imurmurhash@0.1.4
42 silly idealTree +-- indexof@0.0.1
42 silly idealTree +-- inflight@1.0.6
42 silly idealTree +-- inherits@2.0.3
42 silly idealTree +-- ini@1.3.4
42 silly idealTree +-- invariant@2.2.2
42 silly idealTree +-- invert-kv@1.0.0
42 silly idealTree +-- is-absolute@0.2.6
42 silly idealTree +-- is-arrayish@0.2.1
42 silly idealTree +-- is-binary-path@1.0.1
42 silly idealTree +-- is-buffer@1.1.5
42 silly idealTree +-- is-builtin-module@1.0.0
42 silly idealTree +-- is-dotfile@1.0.2
42 silly idealTree +-- is-equal-shallow@0.1.3
42 silly idealTree +-- is-extendable@0.1.1
42 silly idealTree +-- is-extglob@1.0.0
42 silly idealTree +-- is-finite@1.0.2
42 silly idealTree +-- is-fullwidth-code-point@1.0.0
42 silly idealTree +-- is-glob@2.0.1
42 silly idealTree +-- is-my-json-valid@2.16.0
42 silly idealTree +-- is-npm@1.0.0
42 silly idealTree +-- is-number-like@1.0.7
42 silly idealTree +-- is-number@2.1.0
42 silly idealTree +-- is-obj@1.0.1
42 silly idealTree +-- is-plain-obj@1.1.0
42 silly idealTree +-- is-posix-bracket@0.1.1
42 silly idealTree +-- is-primitive@2.0.0
42 silly idealTree +-- is-property@1.0.2
42 silly idealTree +-- is-redirect@1.0.0
42 silly idealTree +-- is-relative@0.2.1
42 silly idealTree +-- is-retry-allowed@1.1.0
42 silly idealTree +-- is-stream@1.1.0
42 silly idealTree +-- is-typedarray@1.0.0
42 silly idealTree +-- is-unc-path@0.1.2
42 silly idealTree +-- is-utf8@0.2.1
42 silly idealTree +-- is-windows@0.2.0
42 silly idealTree +-- isarray@1.0.0
42 silly idealTree +-- isobject@2.1.0
42 silly idealTree +-- isstream@0.1.2
42 silly idealTree +-- jodid25519@1.0.2
42 silly idealTree +-- js-tokens@3.0.1
42 silly idealTree +-- jsbn@0.1.1
42 silly idealTree +-- json-schema@0.2.3
42 silly idealTree +-- json-stable-stringify@1.0.1
42 silly idealTree +-- json-stringify-safe@5.0.1
42 silly idealTree +-- json3@3.3.2
42 silly idealTree +-- jsonfile@2.4.0
42 silly idealTree +-- jsonify@0.0.0
42 silly idealTree +-- jsonpointer@4.0.1
42 silly idealTree +-- jsprim@1.4.0
42 silly idealTree | `-- assert-plus@1.0.0
42 silly idealTree +-- kind-of@3.1.0
42 silly idealTree +-- klaw@1.3.1
42 silly idealTree +-- latest-version@2.0.0
42 silly idealTree +-- lazy-req@1.1.0
42 silly idealTree +-- lcid@1.0.0
42 silly idealTree +-- limiter@1.1.0
42 silly idealTree +-- listify@1.0.0
42 silly idealTree +-- lite-server@2.3.0
42 silly idealTree +-- load-json-file@1.1.0
42 silly idealTree +-- localtunnel@1.8.2
42 silly idealTree | +-- ansi-regex@2.1.1
42 silly idealTree | +-- ansi-styles@2.2.1
42 silly idealTree | +-- caseless@0.11.0
42 silly idealTree | +-- chalk@1.1.3
42 silly idealTree | +-- commander@2.9.0
42 silly idealTree | +-- har-validator@2.0.6
42 silly idealTree | +-- has-ansi@2.0.0
42 silly idealTree | +-- qs@6.3.2
42 silly idealTree | +-- request@2.78.0
42 silly idealTree | +-- strip-ansi@3.0.1
42 silly idealTree | +-- supports-color@2.0.0
42 silly idealTree | +-- tunnel-agent@0.4.3
42 silly idealTree | `-- yargs@3.29.0
42 silly idealTree +-- lockfile@1.0.3
42 silly idealTree +-- lodash.isfinite@3.3.2
42 silly idealTree +-- lodash@4.17.4
42 silly idealTree +-- log-update@1.0.2
42 silly idealTree +-- loose-envify@1.3.1
42 silly idealTree +-- lowercase-keys@1.0.0
42 silly idealTree +-- lru-cache@2.7.3
42 silly idealTree +-- magic-string@0.14.0
42 silly idealTree +-- make-error-cause@1.2.2
42 silly idealTree +-- make-error@1.2.3
42 silly idealTree +-- micromatch@2.3.11
42 silly idealTree +-- mime-db@1.26.0
42 silly idealTree +-- mime-types@2.1.14
42 silly idealTree +-- mime@1.2.4
42 silly idealTree +-- minimatch@3.0.3
42 silly idealTree +-- minimist@1.2.0
42 silly idealTree +-- mkdirp@0.3.0
42 silly idealTree +-- moment@2.18.0
42 silly idealTree +-- ms@0.7.1
42 silly idealTree +-- negotiator@0.6.1
42 silly idealTree +-- node-status-codes@1.0.0
42 silly idealTree +-- node-uuid@1.4.8
42 silly idealTree +-- nopt@3.0.6
42 silly idealTree +-- normalize-package-data@2.3.6
42 silly idealTree +-- normalize-path@2.0.1
42 silly idealTree +-- number-is-nan@1.0.1
42 silly idealTree +-- oauth-sign@0.8.2
42 silly idealTree +-- object-assign@4.1.1
42 silly idealTree +-- object-component@0.0.3
42 silly idealTree +-- object-path@0.9.2
42 silly idealTree +-- object.omit@2.0.1
42 silly idealTree +-- object.pick@1.2.0
42 silly idealTree +-- on-finished@2.3.0
42 silly idealTree +-- once@1.4.0
42 silly idealTree +-- onetime@1.1.0
42 silly idealTree +-- openurl@1.1.0
42 silly idealTree +-- opn@4.0.2
42 silly idealTree +-- optimist@0.6.1
42 silly idealTree | `-- minimist@0.0.10
42 silly idealTree +-- options@0.0.6
42 silly idealTree +-- os-homedir@1.0.2
42 silly idealTree +-- os-locale@1.4.0
42 silly idealTree +-- os-tmpdir@1.0.2
42 silly idealTree +-- osenv@0.1.4
42 silly idealTree +-- package-json@2.4.0
42 silly idealTree +-- parse-glob@3.0.4
42 silly idealTree +-- parse-json@2.2.0
42 silly idealTree +-- parsejson@0.0.3
42 silly idealTree +-- parseqs@0.0.5
42 silly idealTree +-- parseuri@0.0.5
42 silly idealTree +-- parseurl@1.3.1
42 silly idealTree +-- path-exists@2.1.0
42 silly idealTree +-- path-is-absolute@1.0.1
42 silly idealTree +-- path-parse@1.0.5
42 silly idealTree +-- path-type@1.1.0
42 silly idealTree +-- performance-now@0.2.0
42 silly idealTree +-- pify@2.3.0
42 silly idealTree +-- pinkie-promise@2.0.1
42 silly idealTree +-- pinkie@2.0.4
42 silly idealTree +-- popsicle-proxy-agent@3.0.0
42 silly idealTree +-- popsicle-retry@3.2.1
42 silly idealTree +-- popsicle-rewrite@1.0.0
42 silly idealTree +-- popsicle-status@2.0.0
42 silly idealTree +-- popsicle@8.2.0
42 silly idealTree +-- portscanner@2.1.1
42 silly idealTree +-- prepend-http@1.0.4
42 silly idealTree +-- preserve@0.2.0
42 silly idealTree +-- process-nextick-args@1.0.7
42 silly idealTree +-- promise-finally@2.2.1
42 silly idealTree +-- punycode@1.4.1
42 silly idealTree +-- qs@6.2.1
42 silly idealTree +-- randomatic@1.1.6
42 silly idealTree +-- range-parser@1.2.0
42 silly idealTree +-- rc@1.1.7
42 silly idealTree +-- read-all-stream@3.1.0
42 silly idealTree +-- read-pkg-up@1.0.1
42 silly idealTree +-- read-pkg@1.1.0
42 silly idealTree +-- readable-stream@2.2.6
42 silly idealTree +-- readdirp@2.1.0
42 silly idealTree +-- reflect-metadata@0.1.10
42 silly idealTree +-- regex-cache@0.4.3
42 silly idealTree +-- registry-auth-token@3.1.0
42 silly idealTree +-- registry-url@3.1.0
42 silly idealTree +-- repeat-element@1.1.2
42 silly idealTree +-- repeat-string@1.6.1
42 silly idealTree +-- repeating@2.0.1
42 silly idealTree +-- request@2.81.0
42 silly idealTree | +-- qs@6.4.0
42 silly idealTree | `-- uuid@3.0.1
42 silly idealTree +-- require-directory@2.1.1
42 silly idealTree +-- require-main-filename@1.0.1
42 silly idealTree +-- requires-port@1.0.0
42 silly idealTree +-- resolve@1.3.2
42 silly idealTree +-- resp-modifier@6.0.2
42 silly idealTree +-- restore-cursor@1.0.1
42 silly idealTree +-- rimraf@2.6.1
42 silly idealTree +-- rx@2.3.24
42 silly idealTree +-- rxjs@5.0.0-beta.12
42 silly idealTree +-- safe-buffer@5.0.1
42 silly idealTree +-- semver-diff@2.1.0
42 silly idealTree +-- semver@5.3.0
42 silly idealTree +-- send@0.14.1
42 silly idealTree | +-- etag@1.7.0
42 silly idealTree | `-- mime@1.3.4
42 silly idealTree +-- serve-index@1.8.0
42 silly idealTree +-- serve-static@1.11.1
42 silly idealTree +-- server-destroy@1.0.1
42 silly idealTree +-- set-blocking@2.0.0
42 silly idealTree +-- set-immediate-shim@1.0.1
42 silly idealTree +-- setprototypeof@1.0.2
42 silly idealTree +-- slice-ansi@0.0.4
42 silly idealTree +-- slide@1.1.6
42 silly idealTree +-- sntp@1.0.9
42 silly idealTree +-- socket.io-adapter@0.5.0
42 silly idealTree | +-- debug@2.3.3
42 silly idealTree | `-- ms@0.7.2
42 silly idealTree +-- socket.io-client@1.6.0
42 silly idealTree | +-- component-emitter@1.2.1
42 silly idealTree | +-- debug@2.3.3
42 silly idealTree | `-- ms@0.7.2
42 silly idealTree +-- socket.io-parser@2.3.1
42 silly idealTree | `-- isarray@0.0.1
42 silly idealTree +-- socket.io@1.6.0
42 silly idealTree | +-- debug@2.3.3
42 silly idealTree | +-- ms@0.7.2
42 silly idealTree | `-- object-assign@4.1.0
42 silly idealTree +-- sort-keys@1.1.2
42 silly idealTree +-- spdx-correct@1.0.2
42 silly idealTree +-- spdx-expression-parse@1.0.4
42 silly idealTree +-- spdx-license-ids@1.2.2
42 silly idealTree +-- sprintf-js@1.0.3
42 silly idealTree +-- sshpk@1.11.0
42 silly idealTree | `-- assert-plus@1.0.0
42 silly idealTree +-- statuses@1.3.1
42 silly idealTree +-- stream-throttle@0.1.3
42 silly idealTree +-- string_decoder@0.10.31
42 silly idealTree +-- string-template@1.0.0
42 silly idealTree +-- string-width@1.0.2
42 silly idealTree | +-- ansi-regex@2.1.1
42 silly idealTree | `-- strip-ansi@3.0.1
42 silly idealTree +-- stringstream@0.0.5
42 silly idealTree +-- strip-ansi@0.3.0
42 silly idealTree +-- strip-bom@2.0.0
42 silly idealTree +-- strip-json-comments@2.0.1
42 silly idealTree +-- supports-color@0.2.0
42 silly idealTree +-- symbol-observable@1.0.4
42 silly idealTree +-- systemjs@0.19.27
42 silly idealTree +-- tfunk@3.1.0
42 silly idealTree | +-- ansi-regex@2.1.1
42 silly idealTree | +-- ansi-styles@2.2.1
42 silly idealTree | +-- chalk@1.1.3
42 silly idealTree | +-- has-ansi@2.0.0
42 silly idealTree | +-- strip-ansi@3.0.1
42 silly idealTree | `-- supports-color@2.0.0
42 silly idealTree +-- thenify@3.2.1
42 silly idealTree +-- throat@3.0.0
42 silly idealTree +-- throwback@1.1.1
42 silly idealTree +-- timed-out@3.1.3
42 silly idealTree +-- to-array@0.1.4
42 silly idealTree +-- touch@1.0.0
42 silly idealTree | `-- nopt@1.0.10
42 silly idealTree +-- tough-cookie@2.3.2
42 silly idealTree +-- tslint@3.15.1
42 silly idealTree +-- tunnel-agent@0.6.0
42 silly idealTree +-- tweetnacl@0.14.5
42 silly idealTree +-- typedarray@0.0.6
42 silly idealTree +-- typescript@2.2.1
42 silly idealTree +-- typings-core@1.6.1
42 silly idealTree | +-- minimist@0.0.8
42 silly idealTree | `-- mkdirp@0.5.1
42 silly idealTree +-- typings@1.5.0
42 silly idealTree | +-- ansi-regex@2.1.1
42 silly idealTree | +-- ansi-styles@2.2.1
42 silly idealTree | +-- bluebird@3.5.0
42 silly idealTree | +-- chalk@1.1.3
42 silly idealTree | +-- has-ansi@2.0.0
42 silly idealTree | +-- strip-ansi@3.0.1
42 silly idealTree | +-- supports-color@2.0.0
42 silly idealTree | `-- wordwrap@1.0.0
42 silly idealTree +-- ua-parser-js@0.7.12
42 silly idealTree +-- ultron@1.0.2
42 silly idealTree +-- unc-path-regex@0.1.2
42 silly idealTree +-- underscore.string@3.3.4
42 silly idealTree +-- underscore@1.7.0
42 silly idealTree +-- unpipe@1.0.0
42 silly idealTree +-- unzip-response@1.0.2
42 silly idealTree +-- update-notifier@1.0.3
42 silly idealTree | +-- ansi-regex@2.1.1
42 silly idealTree | +-- ansi-styles@2.2.1
42 silly idealTree | +-- chalk@1.1.3
42 silly idealTree | +-- has-ansi@2.0.0
42 silly idealTree | +-- strip-ansi@3.0.1
42 silly idealTree | `-- supports-color@2.0.0
42 silly idealTree +-- url-parse-lax@1.0.0
42 silly idealTree +-- util-deprecate@1.0.2
42 silly idealTree +-- utils-merge@1.0.0
42 silly idealTree +-- uuid@2.0.3
42 silly idealTree +-- validate-npm-package-license@3.0.1
42 silly idealTree +-- verror@1.3.6
42 silly idealTree +-- vlq@0.2.1
42 silly idealTree +-- wcwidth@1.0.1
42 silly idealTree +-- weinre@2.0.0-pre-I0Z7U9OV
42 silly idealTree +-- when@3.7.8
42 silly idealTree +-- which-module@1.0.0
42 silly idealTree +-- widest-line@1.0.0
42 silly idealTree +-- window-size@0.1.4
42 silly idealTree +-- wordwrap@0.0.3
42 silly idealTree +-- wrap-ansi@2.1.0
42 silly idealTree | +-- ansi-regex@2.1.1
42 silly idealTree | `-- strip-ansi@3.0.1
42 silly idealTree +-- wrappy@1.0.2
42 silly idealTree +-- write-file-atomic@1.3.1
42 silly idealTree +-- ws@1.1.1
42 silly idealTree +-- wtf-8@1.0.0
42 silly idealTree +-- xdg-basedir@2.0.0
42 silly idealTree +-- xmlhttprequest-ssl@1.5.3
42 silly idealTree +-- xtend@4.0.1
42 silly idealTree +-- y18n@3.2.1
42 silly idealTree +-- yargs-parser@4.2.1
42 silly idealTree | `-- camelcase@3.0.0
42 silly idealTree +-- yargs@6.4.0
42 silly idealTree | +-- camelcase@3.0.0
42 silly idealTree | `-- window-size@0.2.0
42 silly idealTree +-- yeast@0.1.2
42 silly idealTree +-- zip-object@0.1.0
42 silly idealTree `-- zone.js@0.6.26
43 silly generateActionsToTake Starting
44 silly install generateActionsToTake
45 silly generateActionsToTake Finishing
46 silly diffTrees action count 0
47 silly decomposeActions action count 0
48 silly runTopLevelLifecycles Starting
49 silly install runPreinstallTopLevelLifecycles
50 silly preinstall product-management@1.0.0 C:\Users\ashok\Downloads\Angular2-master\Angular2-master\product-management-94307a70
51 info lifecycle product-management@1.0.0~preinstall: product-management@1.0.0
52 silly lifecycle product-management@1.0.0~preinstall: no script for preinstall, continuing
53 silly executeActions Starting
54 silly install executeActions
55 silly doSerial global-install 0
56 silly doParallel fetch 0
57 verbose correctMkdir C:\Users\ashok\AppData\Roaming\npm-cache\_locks correctMkdir not in flight; initializing
58 verbose lock using C:\Users\ashok\AppData\Roaming\npm-cache\_locks\staging-0a8ea4367dd53b3c.lock for C:\Users\ashok\Downloads\Angular2-master\Angular2-master\node_modules\.staging
59 silly doParallel extract 0
60 silly doParallel preinstall 0
61 silly doReverseSerial remove 0
62 silly doSerial move 0
63 silly doSerial finalize 0
64 silly doSerial build 0
65 silly doSerial global-link 0
66 silly doParallel update-linked 0
67 silly doSerial install 0
68 silly doSerial postinstall 0
69 verbose unlock done using C:\Users\ashok\AppData\Roaming\npm-cache\_locks\staging-0a8ea4367dd53b3c.lock for C:\Users\ashok\Downloads\Angular2-master\Angular2-master\node_modules\.staging
70 silly executeActions Finishing
71 silly rollbackFailedOptional Starting
72 silly rollbackFailedOptional Finishing
73 silly install runPostinstallTopLevelLifecycles
74 silly build product-management@1.0.0
75 info linkStuff product-management@1.0.0
76 silly linkStuff product-management@1.0.0 has C:\Users\ashok\Downloads\Angular2-master as its parent node_modules
77 verbose linkBins product-management@1.0.0
78 verbose linkMans product-management@1.0.0
79 silly install product-management@1.0.0 C:\Users\ashok\Downloads\Angular2-master\Angular2-master\product-management-94307a70
80 info lifecycle product-management@1.0.0~install: product-management@1.0.0
81 silly lifecycle product-management@1.0.0~install: no script for install, continuing
82 silly postinstall product-management@1.0.0 C:\Users\ashok\Downloads\Angular2-master\Angular2-master\product-management-94307a70
83 info lifecycle product-management@1.0.0~postinstall: product-management@1.0.0
84 verbose lifecycle product-management@1.0.0~postinstall: unsafe-perm in lifecycle true
85 verbose lifecycle product-management@1.0.0~postinstall: PATH: C:\Program Files\nodejs\node_modules\npm\bin\node-gyp-bin;C:\Users\ashok\Downloads\Angular2-master\Angular2-master\node_modules\.bin;C:\Users\ashok\AppData\Roaming\npm;C:\Program Files\nodejs\;C:\Program Files (x86)\Lenovo\FusionEngine;C:\WINDOWS\system32;C:\WINDOWS;C:\WINDOWS\System32\Wbem;C:\WINDOWS\System32\WindowsPowerShell\v1.0\;C:\Program Files (x86)\Common Files\lenovo\easyplussdk\bin;C:\Program Files\Intel\WiFi\bin\;C:\Program Files\Common Files\Intel\WirelessCommon\;C:\Program Files\nodejs\;C:\Users\ashok\AppData\Local\Microsoft\WindowsApps;;C:\Program Files\Microsoft VS Code\bin;C:\Users\ashok\AppData\Roaming\npm
86 verbose lifecycle product-management@1.0.0~postinstall: CWD: C:\Users\ashok\Downloads\Angular2-master\Angular2-master
87 silly lifecycle product-management@1.0.0~postinstall: Args: [ '/d /s /c', 'typings install' ]
88 silly lifecycle product-management@1.0.0~postinstall: Returned: code: 1  signal: null
89 info lifecycle product-management@1.0.0~postinstall: Failed to exec postinstall script
90 warn optional SKIPPING OPTIONAL DEPENDENCY: fsevents@^1.0.0 (node_modules\chokidar\node_modules\fsevents):
91 warn notsup SKIPPING OPTIONAL DEPENDENCY: Unsupported platform for fsevents@1.1.2: wanted {"os":"darwin","arch":"any"} (current: {"os":"win32","arch":"x64"})
92 verbose notsup SKIPPING OPTIONAL DEPENDENCY: Valid OS:    darwin
92 verbose notsup SKIPPING OPTIONAL DEPENDENCY: Valid Arch:  any
92 verbose notsup SKIPPING OPTIONAL DEPENDENCY: Actual OS:   win32
92 verbose notsup SKIPPING OPTIONAL DEPENDENCY: Actual Arch: x64
93 verbose stack Error: product-management@1.0.0 postinstall: `typings install`
93 verbose stack Exit status 1
93 verbose stack     at EventEmitter.<anonymous> (C:\Program Files\nodejs\node_modules\npm\lib\utils\lifecycle.js:255:16)
93 verbose stack     at emitTwo (events.js:106:13)
93 verbose stack     at EventEmitter.emit (events.js:191:7)
93 verbose stack     at ChildProcess.<anonymous> (C:\Program Files\nodejs\node_modules\npm\lib\utils\spawn.js:40:14)
93 verbose stack     at emitTwo (events.js:106:13)
93 verbose stack     at ChildProcess.emit (events.js:191:7)
93 verbose stack     at maybeClose (internal/child_process.js:920:16)
93 verbose stack     at Process.ChildProcess._handle.onexit (internal/child_process.js:230:5)
94 verbose pkgid product-management@1.0.0
95 verbose cwd C:\Users\ashok\Downloads\Angular2-master\Angular2-master
96 error Windows_NT 10.0.14393
97 error argv "C:\\Program Files\\nodejs\\node.exe" "C:\\Program Files\\nodejs\\node_modules\\npm\\bin\\npm-cli.js" "install"
98 error node v6.11.5
99 error npm  v3.10.10
100 error code ELIFECYCLE
101 error product-management@1.0.0 postinstall: `typings install`
101 error Exit status 1
102 error Failed at the product-management@1.0.0 postinstall script 'typings install'.
102 error Make sure you have the latest version of node.js and npm installed.
102 error If you do, this is most likely a problem with the product-management package,
102 error not with npm itself.
102 error Tell the author that this fails on your system:
102 error     typings install
102 error You can get information on how to open an issue for this project with:
102 error     npm bugs product-management
102 error Or if that isn't available, you can get their info via:
102 error     npm owner ls product-management
102 error There is likely additional logging output above.
103 verbose exit [ 1, true ]
